Arguments: 
  C:\Program Files\nodejs\node.exe C:\Users\Administrator\AppData\Roaming\npm\node_modules\yarn\bin\yarn.js add @mdi/font

PATH: 
  C:\Program Files (x86)\PHP\v7.0;C:\Program Files\Internet Explorer;C:\Windows\system32;C:\Windows;C:\Windows\System32\Wbem;C:\Windows\System32\WindowsPowerShell\v1.0\;C:\Program Files\Git\cmd;;C:\Windows\system32;C:\Windows;C:\Windows\System32\Wbem;C:\Windows\System32\WindowsPowerShell\v1.0\;C:\Program Files (x86)\Windows Kits\8.1\Windows Performance Toolkit\;C:\Program Files (x86)\Sennheiser\SoftphoneSDK\;C:\Program Files\Microsoft VS Code\bin;C:\Program Files\PuTTY\;C:\Program Files\nodejs\;C:\Program Files (x86)\wfavvid_1201;C:\Program Files (x86)\wfavvid_1201\lib\;C:\Program Files (x86)\wfavvid_1201\java\bin;C:\Users\Administrator\AppData\Local\Programs\Python\Python37-32\Scripts\;C:\Users\Administrator\AppData\Local\Programs\Python\Python37-32\;C:\Users\Administrator\AppData\Local\atom\bin;C:\Program Files\MongoDB\Server\3.6\bin\;C:\Program Files\Microsoft VS Code\bin;C:\Users\Administrator\AppData\Roaming\npm

Yarn version: 
  1.19.1

Node version: 
  10.13.0

Platform: 
  win32 x64

Trace: 
  Error: EPERM: operation not permitted, unlink 'C:\inetpub\wwwroot\PUBLIC\codecs-manager\node_modules\bcrypt\lib\binding\bcrypt_lib.node'

npm manifest: 
  {
    "name": "codecs-manager",
    "version": "1.0.0",
    "description": "An interface for managing the Cisco codecs of the Showroom Collaboration in France.",
    "main": "server.js",
    "scripts": {
      "test": "echo \"Error: no test specified\" && exit 1",
      "start": "nodemon server.js"
    },
    "keywords": [
      "Cisco",
      "Codec",
      "Manager"
    ],
    "author": "Thomas Loyau <tloyau@cisco.com>",
    "license": "ISC",
    "dependencies": {
      "bcrypt": "^3.0.2",
      "body-parser": "^1.18.3",
      "bunyan": "^1.8.12",
      "dotenv": "^6.2.0",
      "express": "^4.16.3",
      "jsonwebtoken": "^8.3.0",
      "jsxapi": "^4.2.0",
      "mongoose": "^5.2.4",
      "morgan": "^1.9.0",
      "multer": "^1.4.1",
      "request": "^2.88.0"
    },
    "devDependencies": {
      "nodemon": "^1.18.3"
    }
  }

yarn manifest: 
  No manifest

Lockfile: 
  No lockfile
